<?xml version="1.0" encoding="UTF-8"?>
<testng-results skipped="0" failed="0" ignored="0" total="1" passed="1">
  <reporter-output>
  </reporter-output>
  <suite name="Suite" duration-ms="10402" started-at="2025-01-20T13:26:19Z" finished-at="2025-01-20T13:26:30Z">
    <groups>
    </groups>
    <test name="Test2" duration-ms="10402" started-at="2025-01-20T13:26:19Z" finished-at="2025-01-20T13:26:30Z">
      <class name="mavenforjenkins.UITest">
        <test-method status="PASS" signature="startBrowser()[pri:0, instance:mavenforjenkins.UITest@2641e737]" name="startBrowser" duration-ms="10390" started-at="2025-01-20T18:56:19Z" finished-at="2025-01-20T18:56:30Z">
          <reporter-output>
          </reporter-output>
        </test-method> <!-- startBrowser -->
      </class> <!-- mavenforjenkins.UITest -->
    </test> <!-- Test2 -->
  </suite> <!-- Suite -->
</testng-results>
