<?xml version="1.0" encoding="UTF-8"?>
<testng-results skipped="0" failed="0" ignored="0" total="1" passed="1">
  <reporter-output>
  </reporter-output>
  <suite name="Suite" duration-ms="6815" started-at="2025-01-20T14:03:16Z" finished-at="2025-01-20T14:03:23Z">
    <groups>
    </groups>
    <test name="Test2" duration-ms="6815" started-at="2025-01-20T14:03:16Z" finished-at="2025-01-20T14:03:23Z">
      <class name="mavenforjenkins.UITest">
        <test-method status="PASS" signature="startBrowser()[pri:0, instance:mavenforjenkins.UITest@2641e737]" name="startBrowser" duration-ms="6803" started-at="2025-01-20T19:33:16Z" finished-at="2025-01-20T19:33:23Z">
          <reporter-output>
          </reporter-output>
        </test-method> <!-- startBrowser -->
      </class> <!-- mavenforjenkins.UITest -->
    </test> <!-- Test2 -->
  </suite> <!-- Suite -->
</testng-results>
